<?xml version="1.0" encoding="UTF-8"?>
<!-- Generated by org.testng.reporters.JUnitXMLReporter -->
<testsuite ignored="0" hostname="LAPTOP-34QHILGN" failures="0" tests="6" name="Test" time="0.062" errors="0" timestamp="2021-07-09T12:07:47 IST">
  <testcase classname="practising.AppiumTest" name="appium1" time="0.005"/>
  <testcase classname="practising.AppiumTest" name="appium2" time="0.001"/>
  <testcase classname="practising.RestApiTest" name="RestAPi1" time="0.001"/>
  <testcase classname="practising.RestApiTest" name="RestApi2" time="0.001"/>
  <testcase classname="practising.SeleniumTest" name="selenium1" time="0.0"/>
  <testcase classname="practising.SeleniumTest" name="selenium2" time="0.001"/>
</testsuite> <!-- Test -->
