<?xml version="1.0" encoding="UTF-8"?>
<testsuite xmlns:xsi="http://www.w3.org/2001/XMLSchema-instance" xsi:noNamespaceSchemaLocation="https://maven.apache.org/surefire/maven-surefire-plugin/xsd/surefire-test-report-3.0.xsd" version="3.0" name="TestSuite" time="0.826" tests="6" errors="0" skipped="0" failures="0">
  <properties>
[...]
</properties>
  <testcase name="appium1" classname="practising.AppiumTest" time="0.007">
    <system-out><![CDATA[Appium1
]]></system-out>
  </testcase>
  <testcase name="appium2" classname="practising.AppiumTest" time="0.001">
    <system-out><![CDATA[Appium2
]]></system-out>
  </testcase>
  <testcase name="RestAPi1" classname="practising.RestApiTest" time="0.001">
    <system-out><![CDATA[RestApi1
]]></system-out>
  </testcase>
  <testcase name="RestApi2" classname="practising.RestApiTest" time="0.002">
    <system-out><![CDATA[RestApi2
]]></system-out>
  </testcase>
  <testcase name="selenium1" classname="practising.SeleniumTest" time="0.002">
    <system-out><![CDATA[Selenium1
]]></system-out>
  </testcase>
  <testcase name="selenium2" classname="practising.SeleniumTest" time="0.001">
    <system-out><![CDATA[Selenium2
]]></system-out>
  </testcase>
</testsuite>